<?xml version="1.0" encoding="UTF-8"?>
<!-- Generated by org.testng.reporters.JUnitReportReporter -->
<testsuite hostname="DESKTOP-3CCKGNL" failures="0" tests="1" name="tests.TestInv" time="1.276" errors="0" timestamp="01 jun 2021 18:15:44 GMT" skipped="0">
  <testcase classname="tests.TestInv" name="probniTest" time="1.276"/>
</testsuite> <!-- tests.TestInv -->
