<?xml version="1.0" encoding="UTF-8"?>
<!-- Generated by org.testng.reporters.JUnitReportReporter -->
<testsuite hostname="DESKTOP-3CCKGNL" failures="0" tests="2" name="tests.TestHome" time="8.548" errors="0" timestamp="01 jun 2021 18:16:05 GMT" skipped="0">
  <testcase classname="tests.TestHome" name="testLoginFail" time="0.774"/>
  <testcase classname="tests.TestHome" name="testLoginData" time="7.774"/>
</testsuite> <!-- tests.TestHome -->
